<?xml version="1.0" encoding="UTF-8"?>
<testng-results ignored="0" total="1" passed="1" failed="0" skipped="0">
  <reporter-output>
  </reporter-output>
  <suite started-at="2019-07-13T08:45:48Z" name="Default suite" finished-at="2019-07-13T08:45:50Z" duration-ms="2330">
    <groups>
    </groups>
    <test started-at="2019-07-13T08:45:48Z" name="Default test" finished-at="2019-07-13T08:45:50Z" duration-ms="2330">
      <class name="com.rest.automation.RestPratice.BDDMethod">
        <test-method signature="Response()[pri:0, instance:com.rest.automation.RestPratice.BDDMethod@2aa3cd93]" started-at="2019-07-13T08:45:48Z" name="Response" finished-at="2019-07-13T08:45:50Z" duration-ms="2277" status="PASS">
          <reporter-output>
          </reporter-output>
        </test-method> <!-- Response -->
      </class> <!-- com.rest.automation.RestPratice.BDDMethod -->
    </test> <!-- Default test -->
  </suite> <!-- Default suite -->
</testng-results>
